node113.podcluster
getting ready to run
      :-) GROMACS - gmx mdrun, 2021-dev-20210128-6a0b0c4-dirty-unknown (-:

                            GROMACS is written by:
     Andrey Alekseenko              Emile Apol              Rossen Apostolov     
         Paul Bauer           Herman J.C. Berendsen           Par Bjelkmar       
       Christian Blau           Viacheslav Bolnykh             Kevin Boyd        
     Aldert van Buuren           Rudi van Drunen             Anton Feenstra      
    Gilles Gouaillardet             Alan Gray               Gerrit Groenhof      
       Anca Hamuraru            Vincent Hindriksen          M. Eric Irrgang      
      Aleksei Iupinov           Christoph Junghans             Joe Jordan        
    Dimitrios Karkoulis            Peter Kasson                Jiri Kraus        
      Carsten Kutzner              Per Larsson              Justin A. Lemkul     
       Viveca Lindahl            Magnus Lundborg             Erik Marklund       
        Pascal Merz             Pieter Meulenhoff            Teemu Murtola       
        Szilard Pall               Sander Pronk              Roland Schulz       
       Michael Shirts            Alexey Shvetsov             Alfons Sijbers      
       Peter Tieleman              Jon Vincent              Teemu Virolainen     
     Christian Wennberg            Maarten Wolf              Artem Zhmurov       
                           and the project leaders:
        Mark Abraham, Berk Hess, Erik Lindahl, and David van der Spoel

Copyright (c) 1991-2000, University of Groningen, The Netherlands.
Copyright (c) 2001-2019, The GROMACS development team at
Uppsala University, Stockholm University and
the Royal Institute of Technology, Sweden.
check out http://www.gromacs.org for more information.

GROMACS is free software; you can redistribute it and/or modify it
under the terms of the GNU Lesser General Public License
as published by the Free Software Foundation; either version 2.1
of the License, or (at your option) any later version.

GROMACS:      gmx mdrun, version 2021-dev-20210128-6a0b0c4-dirty-unknown
Executable:   /usr/local/gromacs/avx2_256/bin/gmx
Data prefix:  /usr/local/gromacs/avx2_256
Working dir:  /home/jsheppard/research/Gd-sTPATCN/2V1A_FMN/04NPT_50-100ns
Command line:
  gmx mdrun -ntmpi 1 -ntomp 6 -nb gpu -pin on -deffnm npt

Compiled SIMD: AVX2_256, but for this host/run AVX_512 might be better (see
log).
Reading file npt.tpr, VERSION 2021-dev-20210128-6a0b0c4-dirty-unknown (single precision)
Changing nstlist from 10 to 100, rlist from 1 to 1.156

1 GPU selected for this run.
Mapping of GPU IDs to the 2 GPU tasks in the 1 rank on this node:
  PP:0,PME:0
PP tasks will do (non-perturbed) short-ranged interactions on the GPU
PP task will update and constrain coordinates on the CPU
PME tasks will do all aspects on the GPU
Using 1 MPI thread
Using 6 OpenMP threads 

starting mdrun 'NPH1-1 in water'
25000000 steps,  50000.0 ps.

Writing final coordinates.

               Core t (s)   Wall t (s)        (%)
       Time:    67228.786    11206.293      599.9
                         3h06:46
                 (ns/day)    (hour/ns)
Performance:      385.498        0.062

GROMACS reminds you: "It's more useful when you know what you're doing." (Artem Zhmurov)

Fri Feb 23 00:51:13 PST 2024
